<?xml version="1.0" encoding="UTF-8"?>
<!-- Generated by org.testng.reporters.JUnitReportReporter -->
<testsuite hostname="DESKTOP-LH0VLBU" failures="0" tests="1" name="test.LoginTest" time="7.626" errors="0" timestamp="2023-02-20T18:39:00 CST" skipped="0">
  <testcase classname="test.LoginTest" name="UserSValidation" time="7.626"/>
  <system-out/>
</testsuite> <!-- test.LoginTest -->
